2024-12-23 15:22:14,221 - INFO - Getting vehicles data from: https://jiji.ng/cars?page=1
2024-12-23 15:22:16,277 - INFO - 25 vehicles found
2024-12-23 15:22:22,263 - INFO - 'Mercedes-Benz GLC-Class 2019 White'  |  (12) attributes found  |  https://jiji.ng/mabuchi/cars/mercedes-benz-glc-class-2019-white-3wAwXS1Wcbt8TgxHzaHynyiA.html?page=1&pos=1&cur_pos=1&ads_per_page=25&ads_count=103730&lid=5SZBilP6iitzjfOT&indexPosition=0
2024-12-23 15:22:31,644 - INFO - 'Toyota Camry 2013 Black'  |  (21) attributes found  |  https://jiji.ng/ajah/cars/toyota-camry-2013-black-cZhkhviFqN8euiNVy1WhOsx1.html?page=1&pos=4&cur_pos=4&ads_per_page=25&ads_count=103730&lid=5SZBilP6iitzjfOT&indexPosition=3
2024-12-23 15:22:39,695 - INFO - 'Mercedes-Benz GLK-Class 2015 Black'  |  (20) attributes found  |  https://jiji.ng/jahi/cars/mercedes-benz-glk-class-2015-black-6aVgzz5OD0Ut2blVSgTVdKPl.html?page=1&pos=7&cur_pos=7&ads_per_page=25&ads_count=103730&lid=5SZBilP6iitzjfOT&indexPosition=6
2024-12-23 15:22:48,553 - INFO - 'Lexus ES 350 F Sport FWD 2019 Blue'  |  (20) attributes found  |  https://jiji.ng/mabuchi/cars/lexus-es-350-f-sport-fwd-2019-blue-d13ccjAoGWyj6CUDpbDHCt2P.html?page=1&pos=10&cur_pos=10&ads_per_page=25&ads_count=103730&lid=5SZBilP6iitzjfOT&indexPosition=9
2024-12-23 15:22:59,905 - INFO - 'BMW 320i Sedan RWD 2014 White'  |  (20) attributes found  |  https://jiji.ng/jahi/cars/bmw-320i-sedan-rwd-2014-white-dFo8xXtZogAfqMNE6fbWc0tG.html?page=1&pos=13&cur_pos=13&ads_per_page=25&ads_count=103730&lid=5SZBilP6iitzjfOT&indexPosition=12
2024-12-23 15:23:10,564 - INFO - 'Peugeot 307 1.4 2004 Silver'  |  (19) attributes found  |  https://jiji.ng/jahi/cars/peugeot-307-1-4-2004-silver-zZboExieTc4Crs8xLCZ3SYAB.html?page=1&pos=16&cur_pos=16&ads_per_page=25&ads_count=103730&lid=5SZBilP6iitzjfOT&indexPosition=15
2024-12-23 15:23:20,809 - INFO - 'Honda Accord EX 2018 Black'  |  (20) attributes found  |  https://jiji.ng/mabuchi/cars/honda-accord-ex-2018-black-aaO6w6RnEUkdBDhNMBsDcxWn.html?page=1&pos=19&cur_pos=19&ads_per_page=25&ads_count=103730&lid=5SZBilP6iitzjfOT&indexPosition=18
2024-12-23 15:23:30,384 - INFO - 'Toyota Camry XSE (2.5L 4cyl 8A) 2019 White'  |  (13) attributes found  |  https://jiji.ng/jahi/cars/toyota-camry-xse-2-5l-4cyl-8a-2019-white-p35BWi3EYoOHZMPJFvAdBJGu.html?page=1&pos=22&cur_pos=22&ads_per_page=25&ads_count=103730&lid=5SZBilP6iitzjfOT&indexPosition=21
2024-12-23 15:23:38,674 - INFO - 'Honda Accord Sport 2018 Black'  |  (20) attributes found  |  https://jiji.ng/jahi/cars/honda-accord-sport-2018-black-pUFvqcP2gxTxNK2wVM6uizzP.html?page=1&pos=25&cur_pos=25&ads_per_page=25&ads_count=103730&lid=5SZBilP6iitzjfOT&indexPosition=24
2024-12-23 15:23:47,928 - INFO - 'Honda Civic 2010 Blue'  |  (12) attributes found  |  https://jiji.ng/jahi/cars/honda-civic-2010-blue-nlK2bc9Q3fvDJHJPBXmbjZs5.html?page=1&pos=2&cur_pos=2&ads_per_page=25&ads_count=103730&lid=5SZBilP6iitzjfOT&indexPosition=1
2024-12-23 15:23:56,963 - INFO - 'Mercedes-Benz E350 2013 White'  |  (20) attributes found  |  https://jiji.ng/jahi/cars/mercedes-benz-e350-2013-white-BGxfycCoY9mPf15l5xfGnjdk.html?page=1&pos=5&cur_pos=5&ads_per_page=25&ads_count=103730&lid=5SZBilP6iitzjfOT&indexPosition=4
2024-12-23 15:24:06,659 - INFO - 'Acura RDX SH AWD (3.5L 6cyl 9A) 2017 Black'  |  (16) attributes found  |  https://jiji.ng/jahi/cars/acura-rdx-sh-awd-3-5l-6cyl-9a-2017-black-kFxcjFIRs3Kv1FBnbCM4XJz8.html?page=1&pos=8&cur_pos=8&ads_per_page=25&ads_count=103730&lid=5SZBilP6iitzjfOT&indexPosition=7
2024-12-23 15:24:17,229 - INFO - 'Mercedes-Benz GLK-Class 2015 Gray'  |  (12) attributes found  |  https://jiji.ng/jahi/cars/mercedes-benz-glk-class-2015-gray-6bUnZwxh9jL0MWezTGkfC3Up.html?page=1&pos=11&cur_pos=11&ads_per_page=25&ads_count=103730&lid=5SZBilP6iitzjfOT&indexPosition=10
2024-12-23 15:24:26,849 - INFO - 'Mercedes-Benz GLE-Class GLE 350 2017 Blue'  |  (13) attributes found  |  https://jiji.ng/jahi/cars/mercedes-benz-gle-class-gle-350-2017-blue-pAqNY2R1rsstGPWDddoH1ORP.html?page=1&pos=14&cur_pos=14&ads_per_page=25&ads_count=103730&lid=5SZBilP6iitzjfOT&indexPosition=13
2024-12-23 15:24:34,761 - INFO - 'Mercedes-Benz GLA 250 2015 White'  |  (12) attributes found  |  https://jiji.ng/mabuchi/cars/mercedes-benz-gla-250-2015-white-hedXn1cPTNtvVcfxTTLuq76t.html?page=1&pos=17&cur_pos=17&ads_per_page=25&ads_count=103730&lid=5SZBilP6iitzjfOT&indexPosition=16
2024-12-23 15:24:45,591 - INFO - 'Mercedes-Benz GLC-Class 2017 Gray'  |  (12) attributes found  |  https://jiji.ng/mabuchi/cars/mercedes-benz-glc-class-2017-gray-mIAzDAkUGnJ34fzLhBo1jYrH.html?page=1&pos=20&cur_pos=20&ads_per_page=25&ads_count=103730&lid=5SZBilP6iitzjfOT&indexPosition=19
2024-12-23 15:24:54,096 - INFO - 'Mercedes-Benz GLK-Class 350 4MATIC 2013 Black'  |  (20) attributes found  |  https://jiji.ng/mabuchi/cars/mercedes-benz-glk-class-350-4matic-2013-black-zkWC0BLglFbslfupFWBvprbH.html?page=1&pos=23&cur_pos=23&ads_per_page=25&ads_count=103730&lid=5SZBilP6iitzjfOT&indexPosition=22
2024-12-23 15:25:03,800 - INFO - 'Mercedes-Benz E43 AMG 3.0 AWD 2018 White'  |  (13) attributes found  |  https://jiji.ng/mabuchi/cars/mercedes-benz-e43-amg-3-0-awd-2018-white-5PfCUy6Daj3G54tTf8ivFlWV.html?page=1&pos=3&cur_pos=3&ads_per_page=25&ads_count=103730&lid=5SZBilP6iitzjfOT&indexPosition=2
2024-12-23 15:25:12,005 - INFO - 'Toyota Camry 2015 White'  |  (12) attributes found  |  https://jiji.ng/jahi/cars/toyota-camry-2015-white-hMuMWVajnz98bcjnj4bZvbkA.html?page=1&pos=6&cur_pos=6&ads_per_page=25&ads_count=103730&lid=5SZBilP6iitzjfOT&indexPosition=5
2024-12-23 15:25:21,784 - INFO - 'Mercedes-Benz GLK-Class 350 4MATIC 2013 White'  |  (20) attributes found  |  https://jiji.ng/jahi/cars/mercedes-benz-glk-class-350-4matic-2013-white-eRIe06P31BXIYDQubN8k7Szm.html?page=1&pos=9&cur_pos=9&ads_per_page=25&ads_count=103730&lid=5SZBilP6iitzjfOT&indexPosition=8
2024-12-23 15:25:31,154 - INFO - 'Lexus GX 460 2011 Gray'  |  (20) attributes found  |  https://jiji.ng/jahi/cars/lexus-gx-460-2011-gray-iMN1q7K3amgxBLBOczUZ0d7f.html?page=1&pos=12&cur_pos=12&ads_per_page=25&ads_count=103730&lid=5SZBilP6iitzjfOT&indexPosition=11
2024-12-23 15:25:40,452 - INFO - 'Mercedes-Benz GLE-Class 2017 Red'  |  (12) attributes found  |  https://jiji.ng/mabuchi/cars/mercedes-benz-gle-class-2017-red-a0AXuhucXLmwdIjsq4HPWhhA.html?page=1&pos=15&cur_pos=15&ads_per_page=25&ads_count=103730&lid=5SZBilP6iitzjfOT&indexPosition=14
2024-12-23 15:25:49,089 - INFO - 'Honda Accord 2015 Gray'  |  (20) attributes found  |  https://jiji.ng/jahi/cars/honda-accord-2015-gray-8QhgRsgI2KNQIYEYsP86bM5W.html?page=1&pos=18&cur_pos=18&ads_per_page=25&ads_count=103730&lid=5SZBilP6iitzjfOT&indexPosition=17
2024-12-23 15:25:58,437 - INFO - 'Lexus RX 350 2007 White'  |  (11) attributes found  |  https://jiji.ng/ikeja/cars/lexus-rx-350-2007-white-8dkKQpmUuWqaVfIAGL5o5P9g.html?page=1&pos=21&cur_pos=21&ads_per_page=25&ads_count=103730&lid=5SZBilP6iitzjfOT&indexPosition=20
2024-12-23 15:26:06,655 - INFO - 'Mercedes-Benz C300 2016 Silver'  |  (20) attributes found  |  https://jiji.ng/jahi/cars/mercedes-benz-c300-2016-silver-2vMYQcI0fu55iCg4gf1ii8DA.html?page=1&pos=24&cur_pos=24&ads_per_page=25&ads_count=103730&lid=5SZBilP6iitzjfOT&indexPosition=23
2024-12-23 15:26:31,978 - INFO - Data written to /Users/abidemi/Documents/GitHub/cars_information_scraper/data/2024-12-23.json
