2024-12-31 06:47:51,117 - INFO - Getting vehicles data from: https://jiji.ng/cars?page=1
2024-12-31 06:47:53,393 - INFO - 25 vehicles found
2024-12-31 06:47:59,396 - INFO - 'Honda Accord 2014 Silver'  |  (23) attributes found  |  https://jiji.ng/ajah/cars/honda-accord-2014-silver-iWbCiH4JrEi23ovoXVPol2Lj.html?page=1&pos=1&cur_pos=1&ads_per_page=25&ads_count=96665&lid=KHyc8u03OL98Br_X&indexPosition=0
2024-12-31 06:48:09,387 - INFO - 'Mercedes-Benz CLA-Class CLA 250 Sedan 2016 Silver'  |  (23) attributes found  |  https://jiji.ng/ajah/cars/mercedes-benz-cla-class-cla-250-sedan-2016-silver-mHU35qiF6ptAcGRAa0mDydrQ.html?page=1&pos=3&cur_pos=3&ads_per_page=25&ads_count=96665&lid=KHyc8u03OL98Br_X&indexPosition=2
2024-12-31 06:48:21,092 - INFO - 'Toyota Highlander XLE V6 4x4 (3.5L 6cyl 6A) 2016 Brown'  |  (23) attributes found  |  https://jiji.ng/ajah/cars/toyota-highlander-xle-v6-4x4-3-5l-6cyl-6a-2016-brown-mV1s55TvrY5rG23bDmxTrhNP.html?page=1&pos=5&cur_pos=5&ads_per_page=25&ads_count=96665&lid=KHyc8u03OL98Br_X&indexPosition=4
2024-12-31 06:48:31,475 - INFO - 'Mercedes-Benz GLE-Class AMG GLE 53 4MATIC 2024 White'  |  (13) attributes found  |  https://jiji.ng/lekki/cars/mercedes-benz-gle-class-amg-gle-53-4matic-2024-white-cYF9tehW0sv3HkfesZ4etCzs.html?page=1&pos=7&cur_pos=7&ads_per_page=25&ads_count=96665&lid=KHyc8u03OL98Br_X&indexPosition=6
2024-12-31 06:48:40,866 - INFO - 'Lexus RX 350 AWD 2015 Burgundy'  |  (23) attributes found  |  https://jiji.ng/ajah/cars/lexus-rx-350-awd-2015-burgundy-7Fj6I5slPDWXjz8ruOtJRU1A.html?page=1&pos=9&cur_pos=9&ads_per_page=25&ads_count=96665&lid=KHyc8u03OL98Br_X&indexPosition=8
2024-12-31 06:48:50,946 - INFO - 'Lexus GX 460 Luxury 2015 White'  |  (23) attributes found  |  https://jiji.ng/ajah/cars/lexus-gx-460-luxury-2015-white-nzznWWj7xqjXhmK6uyo0o3RJ.html?page=1&pos=11&cur_pos=11&ads_per_page=25&ads_count=96665&lid=KHyc8u03OL98Br_X&indexPosition=10
2024-12-31 06:48:59,238 - INFO - 'Toyota Venza XLE AWD V6 2013 Red'  |  (23) attributes found  |  https://jiji.ng/ajah/cars/toyota-venza-xle-awd-v6-2013-red-A38p2jismBgStRKX1en7CKKo.html?page=1&pos=13&cur_pos=13&ads_per_page=25&ads_count=96665&lid=KHyc8u03OL98Br_X&indexPosition=12
2024-12-31 06:49:12,054 - INFO - 'Toyota Corolla 2014 Silver'  |  (22) attributes found  |  https://jiji.ng/ajah/cars/toyota-corolla-2014-silver-kUrHQlgh06BhKxYRTlIuIVgQ.html?page=1&pos=15&cur_pos=15&ads_per_page=25&ads_count=96665&lid=KHyc8u03OL98Br_X&indexPosition=14
2024-12-31 06:49:22,232 - INFO - 'Mercedes-Benz GLE-Class GLE 350 2016 White'  |  (16) attributes found  |  https://jiji.ng/ajah/cars/mercedes-benz-gle-class-gle-350-2016-white-3WaEfnDhxJrxdMbBZCP5VS6C.html?page=1&pos=17&cur_pos=17&ads_per_page=25&ads_count=96665&lid=KHyc8u03OL98Br_X&indexPosition=16
2024-12-31 06:49:32,398 - INFO - 'Mercedes-Benz GLE-Class GLE 350 2016 Silver'  |  (14) attributes found  |  https://jiji.ng/ikeja/cars/mercedes-benz-gle-class-gle-350-2016-silver-5o11IdV2UPw7Jt1haZqxzlRP.html?page=1&pos=19&cur_pos=19&ads_per_page=25&ads_count=96665&lid=KHyc8u03OL98Br_X&indexPosition=18
2024-12-31 06:49:43,061 - INFO - 'Ford Transit 2015 Silver'  |  (15) attributes found  |  https://jiji.ng/ojodu/cars/ford-transit-2015-silver-5VFPiUZRgvVNNUAo7mx0LqkQ.html?page=1&pos=21&cur_pos=21&ads_per_page=25&ads_count=96665&lid=KHyc8u03OL98Br_X&indexPosition=20
2024-12-31 06:49:53,241 - INFO - 'Toyota Highlander 2018 Gray'  |  (23) attributes found  |  https://jiji.ng/ajah/cars/toyota-highlander-2018-gray-l9xLYKyeCsZo1vMpTzI6zCrE.html?page=1&pos=23&cur_pos=23&ads_per_page=25&ads_count=96665&lid=KHyc8u03OL98Br_X&indexPosition=22
2024-12-31 06:50:01,020 - INFO - 'Toyota Highlander 2018 White'  |  (23) attributes found  |  https://jiji.ng/ikeja/cars/toyota-highlander-2018-white-uVUSI9PfHBE6n4gBkgb7GbfU.html?page=1&pos=25&cur_pos=25&ads_per_page=25&ads_count=96665&lid=KHyc8u03OL98Br_X&indexPosition=24
2024-12-31 06:50:11,694 - INFO - 'Toyota RAV4 2017 White'  |  (22) attributes found  |  https://jiji.ng/ajah/cars/toyota-rav4-2017-white-gjeeNcSJ7Q2SQOx2r79d0MN3.html?page=1&pos=2&cur_pos=2&ads_per_page=25&ads_count=96665&lid=KHyc8u03OL98Br_X&indexPosition=1
2024-12-31 06:50:23,220 - INFO - 'Honda Accord Crosstour EX 2010 White'  |  (24) attributes found  |  https://jiji.ng/osogbo/cars/honda-accord-crosstour-ex-2010-white-BvjsMKJxTrvIhY2r7GHt4mhf.html?page=1&pos=4&cur_pos=4&ads_per_page=25&ads_count=96665&lid=KHyc8u03OL98Br_X&indexPosition=3
2024-12-31 06:50:31,873 - INFO - 'Hyundai Santa Fe 2014 White'  |  (22) attributes found  |  https://jiji.ng/ikeja/cars/hyundai-santa-fe-2014-white-oBT9wU8uRDfUwXmWxkzq91Zx.html?page=1&pos=6&cur_pos=6&ads_per_page=25&ads_count=96665&lid=KHyc8u03OL98Br_X&indexPosition=5
2024-12-31 06:50:43,903 - INFO - 'Mercedes-Benz GLE-Class GLE 350 2017 Black'  |  (16) attributes found  |  https://jiji.ng/ikeja/cars/mercedes-benz-gle-class-gle-350-2017-black-5VHGMD61rNhAun3CmJm0k4qA.html?page=1&pos=8&cur_pos=8&ads_per_page=25&ads_count=96665&lid=KHyc8u03OL98Br_X&indexPosition=7
2024-12-31 06:50:53,059 - INFO - 'Toyota Highlander 2018 Blue'  |  (23) attributes found  |  https://jiji.ng/ikeja/cars/toyota-highlander-2018-blue-kVL87KFTfR6fzdz8pCcPbUHX.html?page=1&pos=10&cur_pos=10&ads_per_page=25&ads_count=96665&lid=KHyc8u03OL98Br_X&indexPosition=9
2024-12-31 06:51:04,325 - INFO - 'Toyota Venza V6 AWD 2010 Black'  |  (22) attributes found  |  https://jiji.ng/lekki/cars/toyota-venza-v6-awd-2010-black-tKDstnnLCz1TPZuZYt7Vfnhy.html?page=1&pos=12&cur_pos=12&ads_per_page=25&ads_count=96665&lid=KHyc8u03OL98Br_X&indexPosition=11
2024-12-31 06:51:13,378 - INFO - 'Toyota Corolla 2014 Red'  |  (22) attributes found  |  https://jiji.ng/ikeja/cars/toyota-corolla-2014-red-xtUsFLoBByP7vPWD36ADuOxa.html?page=1&pos=14&cur_pos=14&ads_per_page=25&ads_count=96665&lid=KHyc8u03OL98Br_X&indexPosition=13
2024-12-31 06:51:24,850 - INFO - 'Toyota RAV4 3.5 Limited 4x4 2010 Silver'  |  (22) attributes found  |  https://jiji.ng/ajah/cars/toyota-rav4-3-5-limited-4x4-2010-silver-djKywYtw0RmRYclrrLHce46P.html?page=1&pos=16&cur_pos=16&ads_per_page=25&ads_count=96665&lid=KHyc8u03OL98Br_X&indexPosition=15
2024-12-31 06:51:33,558 - INFO - 'Ford F-150 FX4 2013 White'  |  (23) attributes found  |  https://jiji.ng/ogudu/cars/ford-f-150-fx4-2013-white-PjtI2Int9vFQZRySeklFJMe.html?page=1&pos=18&cur_pos=18&ads_per_page=25&ads_count=96665&lid=KHyc8u03OL98Br_X&indexPosition=17
2024-12-31 06:51:42,265 - INFO - 'Land Rover Range Rover Velar 2018 Red'  |  (12) attributes found  |  https://jiji.ng/lekki/cars/land-rover-range-rover-velar-2018-red-cDXv7oVdcY0WHwpyrUegeqQN.html?page=1&pos=20&cur_pos=20&ads_per_page=25&ads_count=96665&lid=KHyc8u03OL98Br_X&indexPosition=19
2024-12-31 06:51:50,755 - INFO - 'Toyota Highlander 2015 Green'  |  (23) attributes found  |  https://jiji.ng/ikeja/cars/toyota-highlander-2015-green-e1aiiIke95D0wit8X6gmaaGm.html?page=1&pos=22&cur_pos=22&ads_per_page=25&ads_count=96665&lid=KHyc8u03OL98Br_X&indexPosition=21
2024-12-31 06:51:59,199 - INFO - 'Lexus ES 2014 Black'  |  (10) attributes found  |  https://jiji.ng/gwarinpa/cars/lexus-es-2014-black-shq7iWWxZ0K6Lc7mTxN9gTdJ.html?page=1&pos=24&cur_pos=24&ads_per_page=25&ads_count=96665&lid=KHyc8u03OL98Br_X&indexPosition=23
2024-12-31 06:52:11,319 - INFO - Data written to C:\Users\bidem\Projects\git\cars_info_project\cars_info_website_scraper\../cars_info_proj_data/source\2024-12-31.json
2024-12-31 06:52:11,319 - INFO - Total vehicles processed: 25
2024-12-31 06:52:11,319 - INFO - ====================================================================
2024-12-31 06:52:11,319 - INFO - Getting vehicles data from: https://jiji.ng/cars?page=2
2024-12-31 06:52:12,985 - INFO - 25 vehicles found
2024-12-31 06:52:17,867 - INFO - 'Land Rover Range Rover Velar 2020 Black'  |  (13) attributes found  |  https://jiji.ng/lekki/cars/land-rover-range-rover-velar-2020-black-pOlcwkUBoBOSBjmC5B1Ik6BG.html?page=2&pos=1&cur_pos=1&ads_per_page=25&ads_count=96665&lid=iVoAch7062g98sKe&indexPosition=0
2024-12-31 06:52:29,380 - INFO - 'Toyota Corolla 2014 Silver'  |  (22) attributes found  |  https://jiji.ng/lekki/cars/toyota-corolla-2014-silver-laCS0PEga0hm5GpNiyHU6lSz.html?page=2&pos=3&cur_pos=3&ads_per_page=25&ads_count=96665&lid=iVoAch7062g98sKe&indexPosition=2
2024-12-31 06:52:40,096 - INFO - 'Mercedes-Benz GLS-Class GLS450 4Matic 2017 White'  |  (23) attributes found  |  https://jiji.ng/ikeja/cars/mercedes-benz-gls-class-gls450-4matic-2017-white-i2fymmoqcFnbyKAXKRsgL1TH.html?page=2&pos=5&cur_pos=5&ads_per_page=25&ads_count=96665&lid=iVoAch7062g98sKe&indexPosition=4
2024-12-31 06:52:49,550 - INFO - 'Mercedes-Benz G-Class G 63 AMG 2024 Blue'  |  (13) attributes found  |  https://jiji.ng/lekki/cars/mercedes-benz-g-class-g-63-amg-2024-blue-snf3cgmKGLpUdOq1e07dENWY.html?page=2&pos=7&cur_pos=7&ads_per_page=25&ads_count=96665&lid=iVoAch7062g98sKe&indexPosition=6
2024-12-31 06:52:58,024 - INFO - 'Toyota Camry XSE V6 FWD 2020 Black'  |  (20) attributes found  |  https://jiji.ng/lekki/cars/toyota-camry-xse-v6-fwd-2020-black-zN5RbTs520GU9gRYR8Q7JVb7.html?page=2&pos=9&cur_pos=9&ads_per_page=25&ads_count=96665&lid=iVoAch7062g98sKe&indexPosition=8
2024-12-31 06:53:06,756 - INFO - 'Land Rover Range Rover Velar 2018 Black'  |  (12) attributes found  |  https://jiji.ng/lekki/cars/land-rover-range-rover-velar-2018-black-phY4y5lc4Ic2RqZeNn276e5J.html?page=2&pos=11&cur_pos=11&ads_per_page=25&ads_count=96665&lid=iVoAch7062g98sKe&indexPosition=10
2024-12-31 06:53:14,785 - INFO - 'Land Rover Range Rover Velar P380 HSE R-Dynamic 4x4 2018 Black'  |  (12) attributes found  |  https://jiji.ng/lekki/cars/land-rover-range-rover-velar-p380-hse-r-dynamic-4x4-2018-black-keNIgiXQRMr2SX0qWuXeYPTy.html?page=2&pos=13&cur_pos=13&ads_per_page=25&ads_count=96665&lid=iVoAch7062g98sKe&indexPosition=12
2024-12-31 06:53:25,116 - INFO - 'Ford Mustang GT Fastback 2019 Red'  |  (20) attributes found  |  https://jiji.ng/lekki/cars/ford-mustang-gt-fastback-2019-red-myILO2eHsIVzW1WrY8okrpxJ.html?page=2&pos=15&cur_pos=15&ads_per_page=25&ads_count=96665&lid=iVoAch7062g98sKe&indexPosition=14
2024-12-31 06:53:34,729 - INFO - 'Lexus ES 350 FWD 2013 Silver'  |  (23) attributes found  |  https://jiji.ng/ajah/cars/lexus-es-350-fwd-2013-silver-6uZLRkkAS48SGzmYYGuMhAVQ.html?page=2&pos=17&cur_pos=17&ads_per_page=25&ads_count=96665&lid=iVoAch7062g98sKe&indexPosition=16
2024-12-31 06:53:43,553 - INFO - 'Mercedes-Benz GLK-Class 350 4MATIC 2014 White'  |  (20) attributes found  |  https://jiji.ng/ojodu/cars/mercedes-benz-glk-class-350-4matic-2014-white-8kXL0a3SHqRJcetsCK4353uZ.html?page=2&pos=19&cur_pos=19&ads_per_page=25&ads_count=96665&lid=iVoAch7062g98sKe&indexPosition=18
2024-12-31 06:53:54,162 - INFO - 'Mercedes-Benz C300 2015 Black'  |  (12) attributes found  |  https://jiji.ng/lekki/cars/mercedes-benz-c300-2015-black-5x0Tjz7K6gEm8fVUTAH80hm2.html?page=2&pos=21&cur_pos=21&ads_per_page=25&ads_count=96665&lid=iVoAch7062g98sKe&indexPosition=20
2024-12-31 06:54:04,407 - INFO - 'Lexus RX 350 2017 Black'  |  (12) attributes found  |  https://jiji.ng/lekki/cars/lexus-rx-350-2017-black-4cUpZwpPeiX1CsEbT1KTKKoN.html?page=2&pos=23&cur_pos=23&ads_per_page=25&ads_count=96665&lid=iVoAch7062g98sKe&indexPosition=22
2024-12-31 06:54:11,505 - INFO - 'Lexus LX 2023 Black'  |  (12) attributes found  |  https://jiji.ng/lekki/cars/lexus-lx-2023-black-3xlu5gf70RQhfbZ8vzlaWNFF.html?page=2&pos=25&cur_pos=25&ads_per_page=25&ads_count=96665&lid=iVoAch7062g98sKe&indexPosition=24
2024-12-31 06:54:22,856 - INFO - 'Land Rover Range Rover Velar P380 HSE R-Dynamic 4x4 2018 White'  |  (13) attributes found  |  https://jiji.ng/lekki/cars/land-rover-range-rover-velar-p380-hse-r-dynamic-4x4-2018-white-12Gaw1pPuNuTQLunqvU3JwDc.html?page=2&pos=2&cur_pos=2&ads_per_page=25&ads_count=96665&lid=iVoAch7062g98sKe&indexPosition=1
2024-12-31 06:54:28,688 - INFO - 'Mercedes-Benz GLK-Class 350 4MATIC 2013 Gray'  |  (23) attributes found  |  https://jiji.ng/maryland/cars/mercedes-benz-glk-class-350-4matic-2013-gray-AZzQ3TBsDs2i1v83KALdbpul.html?page=2&pos=4&cur_pos=4&ads_per_page=25&ads_count=96665&lid=iVoAch7062g98sKe&indexPosition=3
2024-12-31 06:54:38,144 - INFO - 'Mercedes-Benz GLC-Class 2020 Gray'  |  (15) attributes found  |  https://jiji.ng/ikeja/cars/mercedes-benz-glc-class-2020-gray-hZnIv2hqmHmBf9bruSAdyMmu.html?page=2&pos=6&cur_pos=6&ads_per_page=25&ads_count=96665&lid=iVoAch7062g98sKe&indexPosition=5
2024-12-31 06:54:47,339 - INFO - 'Acura MDX 2015 Black'  |  (11) attributes found  |  https://jiji.ng/gwarinpa/cars/acura-mdx-2015-black-e1JSw91gwLj5aDkO7q5NgRym.html?page=2&pos=8&cur_pos=8&ads_per_page=25&ads_count=96665&lid=iVoAch7062g98sKe&indexPosition=7
2024-12-31 06:54:55,868 - INFO - 'Mercedes-Benz C300 2015 Silver'  |  (11) attributes found  |  https://jiji.ng/ojodu/cars/mercedes-benz-c300-2015-silver-rQL1QGqtDvPRlcq40Jvzsbfd.html?page=2&pos=10&cur_pos=10&ads_per_page=25&ads_count=96665&lid=iVoAch7062g98sKe&indexPosition=9
2024-12-31 06:55:06,815 - INFO - 'Mercedes-Benz C-Class 2015 Blue'  |  (12) attributes found  |  https://jiji.ng/lekki/cars/mercedes-benz-c-class-2015-blue-xjq8q4xIj9WHy7xmPf2Qdpc8.html?page=2&pos=12&cur_pos=12&ads_per_page=25&ads_count=96665&lid=iVoAch7062g98sKe&indexPosition=11
2024-12-31 06:55:18,683 - INFO - 'Mazda CX-9 2015 Red'  |  (22) attributes found  |  https://jiji.ng/ojodu/cars/mazda-cx-9-2015-red-w9gxhuFCZvcgWlxibtAs1xnZ.html?page=2&pos=14&cur_pos=14&ads_per_page=25&ads_count=96665&lid=iVoAch7062g98sKe&indexPosition=13
2024-12-31 06:55:29,585 - INFO - 'Lexus GX 2013 Black'  |  (12) attributes found  |  https://jiji.ng/lekki/cars/lexus-gx-2013-black-eMWfU7Ky7cwfRlxCapdV6ue0.html?page=2&pos=16&cur_pos=16&ads_per_page=25&ads_count=96665&lid=iVoAch7062g98sKe&indexPosition=15
2024-12-31 06:55:39,566 - INFO - 'Toyota Avalon TRD 2020 Black'  |  (21) attributes found  |  https://jiji.ng/lekki/cars/toyota-avalon-trd-2020-black-89VE0ADqDXXnunprMH60PuUW.html?page=2&pos=18&cur_pos=18&ads_per_page=25&ads_count=96665&lid=iVoAch7062g98sKe&indexPosition=17
2024-12-31 06:55:48,108 - INFO - 'Mercedes-Benz GLE-Class 2017 Black'  |  (11) attributes found  |  https://jiji.ng/gwarinpa/cars/mercedes-benz-gle-class-2017-black-5nsRgpgpj54CdPZFe5xJjGo3.html?page=2&pos=20&cur_pos=20&ads_per_page=25&ads_count=96665&lid=iVoAch7062g98sKe&indexPosition=19
2024-12-31 06:55:58,446 - INFO - 'Toyota Land Cruiser Prado 2014 Black'  |  (11) attributes found  |  https://jiji.ng/kubwa/cars/toyota-land-cruiser-prado-2014-black-aSsSKUQT3O9YbTTJQgPuF19y.html?page=2&pos=22&cur_pos=22&ads_per_page=25&ads_count=96665&lid=iVoAch7062g98sKe&indexPosition=21
2024-12-31 06:56:06,865 - INFO - 'Toyota Land Cruiser Prado 2015 Black'  |  (11) attributes found  |  https://jiji.ng/kubwa/cars/toyota-land-cruiser-prado-2015-black-m9e5AtCrXwzRV59HS1MCdCCz.html?page=2&pos=24&cur_pos=24&ads_per_page=25&ads_count=96665&lid=iVoAch7062g98sKe&indexPosition=23
2024-12-31 06:56:11,016 - INFO - Data written to C:\Users\bidem\Projects\git\cars_info_project\cars_info_website_scraper\../cars_info_proj_data/source\2024-12-31.json
2024-12-31 06:56:11,016 - INFO - Total vehicles processed: 50
2024-12-31 06:56:11,016 - INFO - ====================================================================
2024-12-31 06:56:11,016 - INFO - Getting vehicles data from: https://jiji.ng/cars?page=3
2024-12-31 06:56:12,723 - INFO - 25 vehicles found
2024-12-31 06:56:20,582 - INFO - 'Toyota Highlander 2015 Black'  |  (19) attributes found  |  https://jiji.ng/ojodu/cars/toyota-highlander-2015-black-uEkFYUF0XndL9kR25cEKrjmq.html?page=3&pos=1&cur_pos=1&ads_per_page=25&ads_count=96658&lid=l6fKpqSwOGJ8yU09&indexPosition=0
2024-12-31 06:56:29,922 - INFO - 'Lexus RX 350 2020 White'  |  (12) attributes found  |  https://jiji.ng/lekki/cars/lexus-rx-350-2020-white-6DzS6J7Al6rA3rmkLDl4EHGN.html?page=3&pos=3&cur_pos=3&ads_per_page=25&ads_count=96658&lid=l6fKpqSwOGJ8yU09&indexPosition=2
2024-12-31 06:56:36,942 - INFO - 'Lexus RX 350 AWD 2012 Silver'  |  (17) attributes found  |  https://jiji.ng/lekki/cars/lexus-rx-350-awd-2012-silver-vXW5J6wm4XK53A2QSi96J8Kk.html?page=3&pos=5&cur_pos=5&ads_per_page=25&ads_count=96658&lid=l6fKpqSwOGJ8yU09&indexPosition=4
2024-12-31 06:56:45,539 - INFO - 'Mercedes-Benz GLE-Class 2019 White'  |  (12) attributes found  |  https://jiji.ng/lekki/cars/mercedes-benz-gle-class-2019-white-mSGr0emYmHe4jA6zt8GSABp8.html?page=3&pos=7&cur_pos=7&ads_per_page=25&ads_count=96658&lid=l6fKpqSwOGJ8yU09&indexPosition=6
2024-12-31 06:56:54,027 - INFO - 'Toyota Avalon 2015 Black'  |  (23) attributes found  |  https://jiji.ng/ikeja/cars/toyota-avalon-2015-black-l2KB0I7h5ODJLxefzlExLzGL.html?page=3&pos=9&cur_pos=9&ads_per_page=25&ads_count=96658&lid=l6fKpqSwOGJ8yU09&indexPosition=8
2024-12-31 06:57:06,760 - INFO - 'Hyundai Sonata SE 2017 Black'  |  (23) attributes found  |  https://jiji.ng/ikeja/cars/hyundai-sonata-se-2017-black-rBh95aL4gdyOxMjdWNgzo1GN.html?page=3&pos=11&cur_pos=11&ads_per_page=25&ads_count=96658&lid=l6fKpqSwOGJ8yU09&indexPosition=10
2024-12-31 06:57:17,861 - INFO - 'Mercedes-Benz GLE-Class AMG GLE 53 4MATIC 2021 Blue'  |  (20) attributes found  |  https://jiji.ng/lekki/cars/mercedes-benz-gle-class-amg-gle-53-4matic-2021-blue-jF5HRYy0fG0P6Abgh9vd3nmL.html?page=3&pos=13&cur_pos=13&ads_per_page=25&ads_count=96658&lid=l6fKpqSwOGJ8yU09&indexPosition=12
2024-12-31 06:57:25,578 - INFO - 'Toyota Camry 2001 Brown'  |  (11) attributes found  |  https://jiji.ng/kubwa/cars/toyota-camry-2001-brown-7piqyY1FXLFJhl64l6fjZCaN.html?page=3&pos=15&cur_pos=15&ads_per_page=25&ads_count=96658&lid=l6fKpqSwOGJ8yU09&indexPosition=14
2024-12-31 06:57:33,916 - INFO - 'Toyota Camry 2009 Red'  |  (23) attributes found  |  https://jiji.ng/ajah/cars/toyota-camry-2009-red-3OCvPWRiEnPkikf9baPT635t.html?page=3&pos=17&cur_pos=17&ads_per_page=25&ads_count=96658&lid=l6fKpqSwOGJ8yU09&indexPosition=16
2024-12-31 06:57:40,546 - INFO - 'Toyota Corolla 2021 Blue'  |  (11) attributes found  |  https://jiji.ng/gwarinpa/cars/toyota-corolla-2021-blue-x9cmfXUOUduSazyVYfqBTav5.html?page=3&pos=19&cur_pos=19&ads_per_page=25&ads_count=96658&lid=l6fKpqSwOGJ8yU09&indexPosition=18
2024-12-31 06:57:51,973 - INFO - 'Toyota Venza AWD 2010 Black'  |  (22) attributes found  |  https://jiji.ng/lekki/cars/toyota-venza-awd-2010-black-wEX1zNRTkV4IjdUsJCZoEWzA.html?page=3&pos=21&cur_pos=21&ads_per_page=25&ads_count=96658&lid=l6fKpqSwOGJ8yU09&indexPosition=20
2024-12-31 06:58:00,242 - INFO - 'Lexus RX 350 2009 Silver'  |  (12) attributes found  |  https://jiji.ng/lekki/cars/lexus-rx-350-2009-silver-pNHNkNuow2QOnCOezn7kf5EC.html?page=3&pos=23&cur_pos=23&ads_per_page=25&ads_count=96658&lid=l6fKpqSwOGJ8yU09&indexPosition=22
2024-12-31 06:58:10,795 - INFO - 'Toyota Camry 2000 Gold'  |  (10) attributes found  |  https://jiji.ng/kubwa/cars/toyota-camry-2000-gold-dM392Kv0RGhMzgXIhGLhF5zv.html?page=3&pos=25&cur_pos=25&ads_per_page=25&ads_count=96658&lid=l6fKpqSwOGJ8yU09&indexPosition=24
2024-12-31 06:58:20,832 - INFO - 'Toyota Camry 2006 Gold'  |  (23) attributes found  |  https://jiji.ng/ikeja/cars/toyota-camry-2006-gold-1objnVjPc6g2nI898YloMgZG.html?page=3&pos=2&cur_pos=2&ads_per_page=25&ads_count=96658&lid=l6fKpqSwOGJ8yU09&indexPosition=1
2024-12-31 06:58:29,449 - INFO - 'Ford Explorer 2003 Silver'  |  (14) attributes found  |  https://jiji.ng/ikeja/cars/ford-explorer-2003-silver-nMsBgYPRUqvaIB1ycok9hCI4.html?page=3&pos=4&cur_pos=4&ads_per_page=25&ads_count=96658&lid=l6fKpqSwOGJ8yU09&indexPosition=3
2024-12-31 06:58:38,296 - INFO - 'Jeep Wrangler Sahara 4x4 2017 Blue'  |  (20) attributes found  |  https://jiji.ng/gwarinpa/cars/jeep-wrangler-sahara-4x4-2017-blue-hdAFpeKk03JszAyyWdj7i5WF.html?page=3&pos=6&cur_pos=6&ads_per_page=25&ads_count=96658&lid=l6fKpqSwOGJ8yU09&indexPosition=5
2024-12-31 06:58:47,609 - INFO - 'Mercedes-Benz GLC-Class 2021 White'  |  (12) attributes found  |  https://jiji.ng/lekki/cars/mercedes-benz-glc-class-2021-white-mGHtFwT3ZL0HPIPLV7ZJTwDF.html?page=3&pos=8&cur_pos=8&ads_per_page=25&ads_count=96658&lid=l6fKpqSwOGJ8yU09&indexPosition=7
2024-12-31 06:58:58,970 - INFO - 'Mercedes-Benz GLC-Class 2018 Blue'  |  (14) attributes found  |  https://jiji.ng/ikeja/cars/mercedes-benz-glc-class-2018-blue-aGgXdFokPHlR5XziRUZdZNh8.html?page=3&pos=10&cur_pos=10&ads_per_page=25&ads_count=96658&lid=l6fKpqSwOGJ8yU09&indexPosition=9
2024-12-31 06:59:11,013 - INFO - 'Mercedes-Benz C300 2015 Black'  |  (23) attributes found  |  https://jiji.ng/ikeja/cars/mercedes-benz-c300-2015-black-ap8aNxkeFxBVUXDfArvqTIPZ.html?page=3&pos=12&cur_pos=12&ads_per_page=25&ads_count=96658&lid=l6fKpqSwOGJ8yU09&indexPosition=11
2024-12-31 06:59:22,496 - INFO - 'Lexus RX 350 2014 White'  |  (14) attributes found  |  https://jiji.ng/ajah/cars/lexus-rx-350-2014-white-3Az1k9NqMg7K6fKbAxRAqhJf.html?page=3&pos=14&cur_pos=14&ads_per_page=25&ads_count=96658&lid=l6fKpqSwOGJ8yU09&indexPosition=13
2024-12-31 06:59:36,084 - INFO - 'Mercedes-Benz GLA-Class 2016 Gray'  |  (18) attributes found  |  https://jiji.ng/ikeja/cars/mercedes-benz-gla-class-2016-gray-kIxJNnd90l9U5C6PB8e8L8Mg.html?page=3&pos=16&cur_pos=16&ads_per_page=25&ads_count=96658&lid=l6fKpqSwOGJ8yU09&indexPosition=15
2024-12-31 06:59:46,148 - INFO - 'Toyota Camry 2017 Gray'  |  (15) attributes found  |  https://jiji.ng/ojodu/cars/toyota-camry-2017-gray-w3M5wqmW2JR7COxIXoTnVmx0.html?page=3&pos=18&cur_pos=18&ads_per_page=25&ads_count=96658&lid=l6fKpqSwOGJ8yU09&indexPosition=17
2024-12-31 06:59:54,414 - INFO - 'Lexus RX 350 2013 White'  |  (15) attributes found  |  https://jiji.ng/ikeja/cars/lexus-rx-350-2013-white-3JfhlJ4bJSntvKZds4lZ6t9H.html?page=3&pos=20&cur_pos=20&ads_per_page=25&ads_count=96658&lid=l6fKpqSwOGJ8yU09&indexPosition=19
2024-12-31 07:00:06,348 - INFO - 'Toyota Sienna 2019 Brown'  |  (13) attributes found  |  https://jiji.ng/lekki/cars/toyota-sienna-2019-brown-dUOG3W2gBEj6ok4AD0mPQy4g.html?page=3&pos=22&cur_pos=22&ads_per_page=25&ads_count=96658&lid=l6fKpqSwOGJ8yU09&indexPosition=21
2024-12-31 07:00:17,579 - INFO - 'Mercedes-Benz GLA-Class 2015 Black'  |  (22) attributes found  |  https://jiji.ng/ajah/cars/mercedes-benz-gla-class-2015-black-wKYUGmqkUfPrIKmGITmfBKbo.html?page=3&pos=24&cur_pos=24&ads_per_page=25&ads_count=96658&lid=l6fKpqSwOGJ8yU09&indexPosition=23
2024-12-31 07:00:20,521 - INFO - Data written to C:\Users\bidem\Projects\git\cars_info_project\cars_info_website_scraper\../cars_info_proj_data/source\2024-12-31.json
2024-12-31 07:00:20,522 - INFO - Total vehicles processed: 75
2024-12-31 07:00:20,522 - INFO - ====================================================================
2024-12-31 07:00:26,671 - INFO - Restarted driver at page 4
2024-12-31 07:00:26,671 - INFO - Getting vehicles data from: https://jiji.ng/cars?page=4
2024-12-31 07:00:29,054 - INFO - 25 vehicles found
2024-12-31 07:00:35,910 - INFO - 'Ford Transit 2013 Black'  |  (15) attributes found  |  https://jiji.ng/ojodu/cars/ford-transit-2013-black-v8Zo04a48ibap77LGACiu4jJ.html?page=4&pos=1&cur_pos=1&ads_per_page=25&ads_count=96654&lid=PAUP2uiTm6inHNUk&indexPosition=0
2024-12-31 07:00:44,921 - INFO - 'Toyota Avanza 2011 Gray'  |  (15) attributes found  |  https://jiji.ng/lekki/cars/toyota-avanza-2011-gray-aTW1dHMUd0ySrnDLYAdBeMLW.html?page=4&pos=3&cur_pos=3&ads_per_page=25&ads_count=96654&lid=PAUP2uiTm6inHNUk&indexPosition=2
2024-12-31 07:00:55,214 - INFO - 'Mercedes-Benz GLE-Class GLE 350 2017 Black'  |  (16) attributes found  |  https://jiji.ng/ikeja/cars/mercedes-benz-gle-class-gle-350-2017-black-5VHGMD61rNhAun3CmJm0k4qA.html?page=4&pos=5&cur_pos=5&ads_per_page=25&ads_count=96654&lid=PAUP2uiTm6inHNUk&indexPosition=4
2024-12-31 07:01:05,124 - INFO - 'Mercedes-Benz C300 2015 Silver'  |  (21) attributes found  |  https://jiji.ng/ajah/cars/mercedes-benz-c300-2015-silver-bo6z7HJ0bYE81GjE3XCe8yar.html?page=4&pos=7&cur_pos=7&ads_per_page=25&ads_count=96654&lid=PAUP2uiTm6inHNUk&indexPosition=6
2024-12-31 07:01:11,672 - INFO - 'Lexus RX 350 AWD 2015 Burgundy'  |  (23) attributes found  |  https://jiji.ng/ajah/cars/lexus-rx-350-awd-2015-burgundy-7Fj6I5slPDWXjz8ruOtJRU1A.html?page=4&pos=9&cur_pos=9&ads_per_page=25&ads_count=96654&lid=PAUP2uiTm6inHNUk&indexPosition=8
2024-12-31 07:01:20,541 - INFO - 'Lexus RX 2010 Red'  |  (11) attributes found  |  https://jiji.ng/kubwa/cars/lexus-rx-2010-red-6ve0u3tu8vYLrhyGYG7iSN9R.html?page=4&pos=11&cur_pos=11&ads_per_page=25&ads_count=96654&lid=PAUP2uiTm6inHNUk&indexPosition=10
2024-12-31 07:01:33,852 - INFO - 'Mercedes-Benz E350 2013 Black'  |  (15) attributes found  |  https://jiji.ng/lekki/cars/mercedes-benz-e350-2013-black-fMbHh40Di9VrxPcO2iZiLWi0.html?page=4&pos=13&cur_pos=13&ads_per_page=25&ads_count=96654&lid=PAUP2uiTm6inHNUk&indexPosition=12
2024-12-31 07:01:42,930 - INFO - 'Lexus ES 2013 Gray'  |  (10) attributes found  |  https://jiji.ng/kubwa/cars/lexus-es-2013-gray-f4aM3i3ySHGgbIEBMZCDmCxl.html?page=4&pos=15&cur_pos=15&ads_per_page=25&ads_count=96654&lid=PAUP2uiTm6inHNUk&indexPosition=14
2024-12-31 07:01:52,717 - INFO - 'Toyota Camry SE FWD (2.5L 4cyl 8AM) 2018 Black'  |  (20) attributes found  |  https://jiji.ng/ojodu/cars/toyota-camry-se-fwd-2-5l-4cyl-8am-2018-black-6hOy3RNxKdp8GJT3JXFMrykF.html?page=4&pos=17&cur_pos=17&ads_per_page=25&ads_count=96654&lid=PAUP2uiTm6inHNUk&indexPosition=16
2024-12-31 07:02:00,840 - INFO - 'Mercedes-Benz GL-Class 2013 Gray'  |  (11) attributes found  |  https://jiji.ng/kubwa/cars/mercedes-benz-gl-class-2013-gray-CrV2u9s0gtozBpGKoPpAkJE8.html?page=4&pos=19&cur_pos=19&ads_per_page=25&ads_count=96654&lid=PAUP2uiTm6inHNUk&indexPosition=18
2024-12-31 07:02:09,255 - INFO - 'Lexus GX 460 Luxury 2015 White'  |  (23) attributes found  |  https://jiji.ng/ajah/cars/lexus-gx-460-luxury-2015-white-nzznWWj7xqjXhmK6uyo0o3RJ.html?page=4&pos=21&cur_pos=21&ads_per_page=25&ads_count=96654&lid=PAUP2uiTm6inHNUk&indexPosition=20
2024-12-31 07:02:17,821 - INFO - 'Mercedes-Benz GLE-Class AMG GLE 43 4MATIC 2018 White'  |  (20) attributes found  |  https://jiji.ng/lekki/cars/mercedes-benz-gle-class-amg-gle-43-4matic-2018-white-95PwaSxB7jrFyMcBlYKYJjpb.html?page=4&pos=23&cur_pos=23&ads_per_page=25&ads_count=96654&lid=PAUP2uiTm6inHNUk&indexPosition=22
2024-12-31 07:02:26,630 - INFO - 'Mercedes-Benz GLE-Class AMG GLE 63 S 4MATIC 2021 Black'  |  (19) attributes found  |  https://jiji.ng/lekki/cars/mercedes-benz-gle-class-amg-gle-63-s-4matic-2021-black-p7YXddPPkXqjV3caJRbW3dr0.html?page=4&pos=25&cur_pos=25&ads_per_page=25&ads_count=96654&lid=PAUP2uiTm6inHNUk&indexPosition=24
2024-12-31 07:02:34,643 - INFO - 'Hyundai Sonata 2017 Red'  |  (11) attributes found  |  https://jiji.ng/kubwa/cars/hyundai-sonata-2017-red-oUsAHJVQy5dLHXxgGhAMO7rc.html?page=4&pos=2&cur_pos=2&ads_per_page=25&ads_count=96654&lid=PAUP2uiTm6inHNUk&indexPosition=1
2024-12-31 07:02:44,171 - INFO - 'Mercedes-Benz GLA-Class 2015 White'  |  (22) attributes found  |  https://jiji.ng/ikeja/cars/mercedes-benz-gla-class-2015-white-s0MBwcZikUxEP13MmZXKjmD.html?page=4&pos=4&cur_pos=4&ads_per_page=25&ads_count=96654&lid=PAUP2uiTm6inHNUk&indexPosition=3
2024-12-31 07:02:53,802 - INFO - 'Mercedes-Benz C400 2015 Gray'  |  (19) attributes found  |  https://jiji.ng/ajah/cars/mercedes-benz-c400-2015-gray-dkjBBcHQbhJPW8CIJpnIfFwk.html?page=4&pos=6&cur_pos=6&ads_per_page=25&ads_count=96654&lid=PAUP2uiTm6inHNUk&indexPosition=5
2024-12-31 07:03:01,291 - INFO - 'Toyota Highlander 2018 Blue'  |  (23) attributes found  |  https://jiji.ng/ikeja/cars/toyota-highlander-2018-blue-kVL87KFTfR6fzdz8pCcPbUHX.html?page=4&pos=8&cur_pos=8&ads_per_page=25&ads_count=96654&lid=PAUP2uiTm6inHNUk&indexPosition=7
2024-12-31 07:03:10,875 - INFO - 'Mercedes-Benz M Class ML 550 4Matic 2013 White'  |  (20) attributes found  |  https://jiji.ng/lekki/cars/mercedes-benz-m-class-ml-550-4matic-2013-white-z4LfiMOWgUORo5ZSr1AbOVRr.html?page=4&pos=10&cur_pos=10&ads_per_page=25&ads_count=96654&lid=PAUP2uiTm6inHNUk&indexPosition=9
2024-12-31 07:03:18,335 - INFO - 'Toyota Camry 2012 White'  |  (19) attributes found  |  https://jiji.ng/ojodu/cars/toyota-camry-2012-white-1iJprKaHISbfYmTEQwRDCXeC.html?page=4&pos=12&cur_pos=12&ads_per_page=25&ads_count=96654&lid=PAUP2uiTm6inHNUk&indexPosition=11
2024-12-31 07:03:28,184 - INFO - 'Mercedes-Benz C300 2015 Gray'  |  (12) attributes found  |  https://jiji.ng/lekki/cars/mercedes-benz-c300-2015-gray-5wHueGUdbgd4MpiwFx64DJlO.html?page=4&pos=14&cur_pos=14&ads_per_page=25&ads_count=96654&lid=PAUP2uiTm6inHNUk&indexPosition=13
2024-12-31 07:03:36,868 - INFO - 'Toyota Camry 2016 Gray'  |  (23) attributes found  |  https://jiji.ng/lekki/cars/toyota-camry-2016-gray-8dFeVjG9pKy6GdAHZaoCcMUZ.html?page=4&pos=16&cur_pos=16&ads_per_page=25&ads_count=96654&lid=PAUP2uiTm6inHNUk&indexPosition=15
2024-12-31 07:03:44,169 - INFO - 'Lexus RX 2006 Black'  |  (12) attributes found  |  https://jiji.ng/oredo/cars/lexus-rx-2006-black-C8lYr9sTNJmvAM1dsRTa3YEF.html?page=4&pos=18&cur_pos=18&ads_per_page=25&ads_count=96654&lid=PAUP2uiTm6inHNUk&indexPosition=17
2024-12-31 07:03:53,483 - INFO - 'Land Rover Range Rover Velar 2018 White'  |  (15) attributes found  |  https://jiji.ng/lekki/cars/land-rover-range-rover-velar-2018-white-kVgsRmXbTVvIeUQKLDbv5dmp.html?page=4&pos=20&cur_pos=20&ads_per_page=25&ads_count=96654&lid=PAUP2uiTm6inHNUk&indexPosition=19
2024-12-31 07:04:02,775 - INFO - 'Mercedes-Benz GLE-Class GLE 350 2016 Blue'  |  (12) attributes found  |  https://jiji.ng/ojodu/cars/mercedes-benz-gle-class-gle-350-2016-blue-52YAq0ToaaSpLTlMsgH7FoxS.html?page=4&pos=22&cur_pos=22&ads_per_page=25&ads_count=96654&lid=PAUP2uiTm6inHNUk&indexPosition=21
2024-12-31 07:04:10,132 - INFO - 'Lexus RX 2005 Silver'  |  (11) attributes found  |  https://jiji.ng/kubwa/cars/lexus-rx-2005-silver-9TPAI9gGGQRV6No2JGe31vG2.html?page=4&pos=24&cur_pos=24&ads_per_page=25&ads_count=96654&lid=PAUP2uiTm6inHNUk&indexPosition=23
2024-12-31 07:04:15,067 - INFO - Data written to C:\Users\bidem\Projects\git\cars_info_project\cars_info_website_scraper\../cars_info_proj_data/source\2024-12-31.json
2024-12-31 07:04:15,067 - INFO - Total vehicles processed: 100
2024-12-31 07:04:15,069 - INFO - ====================================================================
2024-12-31 07:04:15,069 - INFO - Getting vehicles data from: https://jiji.ng/cars?page=5
2024-12-31 07:04:16,796 - INFO - 25 vehicles found
2024-12-31 07:04:22,817 - INFO - 'Toyota Camry 2012 Black'  |  (10) attributes found  |  https://jiji.ng/kubwa/cars/toyota-camry-2012-black-q4hXv6JSgUXGL2W4FWEiGpdR.html?page=5&pos=1&cur_pos=1&ads_per_page=25&ads_count=96695&lid=A_l08joIBDPAv5fz&indexPosition=0
2024-12-31 07:04:32,404 - INFO - 'Mercedes-Benz C300 2019 Gold'  |  (22) attributes found  |  https://jiji.ng/ajah/cars/mercedes-benz-c300-2019-gold-hzkUaUVVVO14MruefcSRG9Fj.html?page=5&pos=3&cur_pos=3&ads_per_page=25&ads_count=96695&lid=A_l08joIBDPAv5fz&indexPosition=2
2024-12-31 07:04:42,377 - INFO - 'Lexus ES 350 FWD 2016 White'  |  (22) attributes found  |  https://jiji.ng/ajah/cars/lexus-es-350-fwd-2016-white-5DV1e6G4JNsUhsdbr4i8YcK9.html?page=5&pos=5&cur_pos=5&ads_per_page=25&ads_count=96695&lid=A_l08joIBDPAv5fz&indexPosition=4
2024-12-31 07:04:52,261 - INFO - 'Mercedes-Benz E43 AMG 3.0 AWD 2018 Black'  |  (13) attributes found  |  https://jiji.ng/lekki/cars/mercedes-benz-e43-amg-3-0-awd-2018-black-yuuyfAQqYpQg7UNWMykI74Qs.html?page=5&pos=7&cur_pos=7&ads_per_page=25&ads_count=96695&lid=A_l08joIBDPAv5fz&indexPosition=6
2024-12-31 07:05:02,705 - INFO - 'Land Rover Range Rover Velar P380 HSE R-Dynamic 4x4 2018 White'  |  (13) attributes found  |  https://jiji.ng/lekki/cars/land-rover-range-rover-velar-p380-hse-r-dynamic-4x4-2018-white-12Gaw1pPuNuTQLunqvU3JwDc.html?page=5&pos=9&cur_pos=9&ads_per_page=25&ads_count=96695&lid=A_l08joIBDPAv5fz&indexPosition=8
