2024-12-26 19:04:18,110 - INFO - Getting vehicles data from: https://jiji.ng/cars?page=1
2024-12-26 19:04:20,671 - INFO - 25 vehicles found
2024-12-26 19:04:30,918 - INFO - 'Jaguar XJ 4.2 Super Automatic 2008 Black'  |  (20) attributes found  |  https://jiji.ng/garki-ii/cars/jaguar-xj-4-2-super-automatic-2008-black-tHwy6tig4cTeHH31lOKCRJXd.html?page=1&pos=1&cur_pos=1&ads_per_page=25&ads_count=99561&lid=XJZVmzLgYK2HkYdt&indexPosition=0
2024-12-26 19:04:40,210 - INFO - 'Mercedes-Benz CLA-Class AMG CLA 45 4MATIC Sedan 2014 Gray'  |  (21) attributes found  |  https://jiji.ng/garki-ii/cars/mercedes-benz-cla-class-amg-cla-45-4matic-sedan-2014-gray-saGrRmBi4oaaUVxgbgK0Br9C.html?page=1&pos=3&cur_pos=3&ads_per_page=25&ads_count=99561&lid=XJZVmzLgYK2HkYdt&indexPosition=2
2024-12-26 19:04:53,554 - INFO - 'Toyota Corolla 2017 Red'  |  (11) attributes found  |  https://jiji.ng/gwarinpa/cars/toyota-corolla-2017-red-yJReb55tgApUNsMhezgzKlyK.html?page=1&pos=5&cur_pos=5&ads_per_page=25&ads_count=99561&lid=XJZVmzLgYK2HkYdt&indexPosition=4
2024-12-26 19:05:07,896 - INFO - 'Toyota Corolla 1.6 VVT-i 2006 Gray'  |  (22) attributes found  |  https://jiji.ng/dutse/cars/toyota-corolla-1-6-vvt-i-2006-gray-p0KBQ5SdZnGwYx49WF9cUUPp.html?page=1&pos=7&cur_pos=7&ads_per_page=25&ads_count=99561&lid=XJZVmzLgYK2HkYdt&indexPosition=6
2024-12-26 19:05:14,728 - INFO - 'Audi A7 3.0 TSI 2012 Blue'  |  (21) attributes found  |  https://jiji.ng/garki-ii/cars/audi-a7-3-0-tsi-2012-blue-rKtUHtotW01zIbfBMGjCszEu.html?page=1&pos=9&cur_pos=9&ads_per_page=25&ads_count=99561&lid=XJZVmzLgYK2HkYdt&indexPosition=8
2024-12-26 19:05:25,584 - INFO - 'Hyundai Sonata 2012 Gray'  |  (17) attributes found  |  https://jiji.ng/lekki/cars/hyundai-sonata-2012-gray-wOtZHkyxNbd8ul61i5BJWC0P.html?page=1&pos=11&cur_pos=11&ads_per_page=25&ads_count=99561&lid=XJZVmzLgYK2HkYdt&indexPosition=10
2024-12-26 19:05:34,001 - INFO - 'Jaguar XJ XJ8 2004 Green'  |  (20) attributes found  |  https://jiji.ng/garki-ii/cars/jaguar-xj-xj8-2004-green-eJRVCiWLo3ngzUK8ltZulzhW.html?page=1&pos=13&cur_pos=13&ads_per_page=25&ads_count=99561&lid=XJZVmzLgYK2HkYdt&indexPosition=12
2024-12-26 19:05:48,374 - INFO - 'Acura MDX 2015 Red'  |  (22) attributes found  |  https://jiji.ng/surulere/cars/acura-mdx-2015-red-uZTjKc4msc7cwOPEwXKmYF1.html?page=1&pos=15&cur_pos=15&ads_per_page=25&ads_count=99561&lid=XJZVmzLgYK2HkYdt&indexPosition=14
2024-12-26 19:06:02,505 - INFO - 'Mercedes-Benz GLC-Class 2018 White'  |  (12) attributes found  |  https://jiji.ng/lekki/cars/mercedes-benz-glc-class-2018-white-jMLX1cfllNnbEzW0erKzTauN.html?page=1&pos=17&cur_pos=17&ads_per_page=25&ads_count=99561&lid=XJZVmzLgYK2HkYdt&indexPosition=16
2024-12-26 19:06:15,770 - INFO - 'Land Rover Range Rover Evoque R-Dynamic S AWD 2020 Black'  |  (13) attributes found  |  https://jiji.ng/lekki/cars/land-rover-range-rover-evoque-r-dynamic-s-awd-2020-black-5viEVEu6lIfIvBKqvZKGUlC2.html?page=1&pos=19&cur_pos=19&ads_per_page=25&ads_count=99561&lid=XJZVmzLgYK2HkYdt&indexPosition=18
2024-12-26 19:06:27,615 - INFO - 'Mercedes-Benz E320 2010 Black'  |  (14) attributes found  |  https://jiji.ng/durumi/cars/mercedes-benz-e320-2010-black-eRfuLnSqZaNv1hPpQCscMxr0.html?page=1&pos=21&cur_pos=21&ads_per_page=25&ads_count=99561&lid=XJZVmzLgYK2HkYdt&indexPosition=20
2024-12-26 19:06:38,789 - INFO - 'Mercedes-Benz C-Class C 300 4MATIC (W205) 2016 Brown'  |  (20) attributes found  |  https://jiji.ng/lekki/cars/mercedes-benz-c-class-c-300-4matic-w205-2016-brown-locYkyZDyX1fv21RjbNObUaL.html?page=1&pos=23&cur_pos=23&ads_per_page=25&ads_count=99561&lid=XJZVmzLgYK2HkYdt&indexPosition=22
2024-12-26 19:06:51,860 - INFO - 'Ford Explorer 2012 Red'  |  (21) attributes found  |  https://jiji.ng/gudu/cars/ford-explorer-2012-red-fdCdfErLUca75jzUEykPqmB5.html?page=1&pos=25&cur_pos=25&ads_per_page=25&ads_count=99561&lid=XJZVmzLgYK2HkYdt&indexPosition=24
2024-12-26 19:07:02,593 - INFO - 'Toyota Sienna 2013 Black'  |  (13) attributes found  |  https://jiji.ng/garki-ii/cars/toyota-sienna-2013-black-rNRX8HuDsC5gf8MEeB4g2ghn.html?page=1&pos=2&cur_pos=2&ads_per_page=25&ads_count=99561&lid=XJZVmzLgYK2HkYdt&indexPosition=1
2024-12-26 19:07:14,166 - INFO - 'Toyota Corolla 1.4 Sedan 2002 Silver'  |  (18) attributes found  |  https://jiji.ng/egbeda/cars/toyota-corolla-1-4-sedan-2002-silver-bxRMoOQ28AVwd4leiBXYKQuB.html?page=1&pos=4&cur_pos=4&ads_per_page=25&ads_count=99561&lid=XJZVmzLgYK2HkYdt&indexPosition=3
2024-12-26 19:07:29,232 - INFO - 'Toyota Highlander Limited V6 4x4 2004 White'  |  (23) attributes found  |  https://jiji.ng/central-business-district/cars/toyota-highlander-limited-v6-4x4-2004-white-wYxN04EdmCQ9KUlWrJdFoPKW.html?page=1&pos=6&cur_pos=6&ads_per_page=25&ads_count=99561&lid=XJZVmzLgYK2HkYdt&indexPosition=5
2024-12-26 19:07:39,813 - INFO - 'Infiniti G35 2008 Blue'  |  (14) attributes found  |  https://jiji.ng/amuwo-odofin/cars/infiniti-g35-2008-blue-hbMm2eb0IBwW2Z3RLAPLwwqz.html?page=1&pos=8&cur_pos=8&ads_per_page=25&ads_count=99561&lid=XJZVmzLgYK2HkYdt&indexPosition=7
2024-12-26 19:07:49,350 - INFO - 'Ford Explorer 2012 Black'  |  (20) attributes found  |  https://jiji.ng/garki-ii/cars/ford-explorer-2012-black-cEsMcqwNhDdjNUFjGVwsMt3e.html?page=1&pos=10&cur_pos=10&ads_per_page=25&ads_count=99561&lid=XJZVmzLgYK2HkYdt&indexPosition=9
2024-12-26 19:07:57,959 - INFO - 'Toyota Corolla 2014 Gray'  |  (20) attributes found  |  https://jiji.ng/surulere/cars/toyota-corolla-2014-gray-8Ra9afw7qUO9EwdPJgqEhIcI.html?page=1&pos=12&cur_pos=12&ads_per_page=25&ads_count=99561&lid=XJZVmzLgYK2HkYdt&indexPosition=11
2024-12-26 19:08:09,062 - INFO - 'Land Rover Discovery Sport SE R-Dynamic 2021 Red'  |  (14) attributes found  |  https://jiji.ng/garki-ii/cars/land-rover-discovery-sport-se-r-dynamic-2021-red-CzCVaAtkLoQGlRdpImjybxCZ.html?page=1&pos=14&cur_pos=14&ads_per_page=25&ads_count=99561&lid=XJZVmzLgYK2HkYdt&indexPosition=13
2024-12-26 19:08:20,061 - INFO - 'Toyota Camry 2019 Red'  |  (12) attributes found  |  https://jiji.ng/garki-ii/cars/toyota-camry-2019-red-u3R7hpYPI83NzYc11a2gpCCA.html?page=1&pos=16&cur_pos=16&ads_per_page=25&ads_count=99561&lid=XJZVmzLgYK2HkYdt&indexPosition=15
2024-12-26 19:08:30,864 - INFO - 'Chrysler Town&Country 3.6 2WD 2013 Gray'  |  (21) attributes found  |  https://jiji.ng/surulere/cars/chrysler-town-country-3-6-2wd-2013-gray-akobzhSPRwp6DvpSJMYYBTqz.html?page=1&pos=18&cur_pos=18&ads_per_page=25&ads_count=99561&lid=XJZVmzLgYK2HkYdt&indexPosition=17
2024-12-26 19:08:43,866 - INFO - 'Mercedes-Benz S-Class 2015 Gray'  |  (11) attributes found  |  https://jiji.ng/lekki/cars/mercedes-benz-s-class-2015-gray-dfllixHJQNNY4PeICz0qKNKq.html?page=1&pos=20&cur_pos=20&ads_per_page=25&ads_count=99561&lid=XJZVmzLgYK2HkYdt&indexPosition=19
2024-12-26 19:08:56,612 - INFO - 'Hyundai Sonata 2015 Red'  |  (12) attributes found  |  https://jiji.ng/gudu/cars/hyundai-sonata-2015-red-tRVc0kbq2juIe08CKGcbvbVs.html?page=1&pos=22&cur_pos=22&ads_per_page=25&ads_count=99561&lid=XJZVmzLgYK2HkYdt&indexPosition=21
2024-12-26 19:09:12,204 - INFO - 'Honda CR-V 2005 Gold'  |  (13) attributes found  |  https://jiji.ng/durumi/cars/honda-cr-v-2005-gold-64ycW16DeuJu42KroTYfoUdm.html?page=1&pos=24&cur_pos=24&ads_per_page=25&ads_count=99561&lid=XJZVmzLgYK2HkYdt&indexPosition=23
2024-12-26 19:09:16,321 - ERROR - Error in  save_to_json_file(): Object of type date is not JSON serializable
2024-12-26 19:09:31,963 - INFO - Total vehicles processed: 25
2024-12-26 19:09:31,963 - INFO - ====================================================================
2024-12-26 19:09:31,963 - INFO - Getting vehicles data from: https://jiji.ng/cars?page=2
2024-12-26 19:09:37,933 - INFO - 25 vehicles found
